2020-10-13 19:45:42.490 spring-boot-seed [main] INFO  com.yimeng.seed.organ.Application - Starting Application on DESKTOP-SPHBJRU with PID 16156 (started by 93638 in C:\Users\93638\Desktop\java学习\spring-boot-basic)
2020-10-13 19:45:42.490 spring-boot-seed [main] INFO  com.yimeng.seed.organ.Application - Starting Application on DESKTOP-SPHBJRU with PID 16156 (started by 93638 in C:\Users\93638\Desktop\java学习\spring-boot-basic)
2020-10-13 19:45:42.497 spring-boot-seed [main] DEBUG com.yimeng.seed.organ.Application - Running with Spring Boot v1.5.6.RELEASE, Spring v4.3.10.RELEASE
2020-10-13 19:45:42.497 spring-boot-seed [main] DEBUG com.yimeng.seed.organ.Application - Running with Spring Boot v1.5.6.RELEASE, Spring v4.3.10.RELEASE
2020-10-13 19:45:42.499 spring-boot-seed [main] INFO  com.yimeng.seed.organ.Application - The following profiles are active: development
2020-10-13 19:45:42.499 spring-boot-seed [main] INFO  com.yimeng.seed.organ.Application - The following profiles are active: development
2020-10-13 19:45:42.544 spring-boot-seed [main] INFO  o.s.b.c.e.AnnotationConfigEmbeddedWebApplicationContext - Refreshing org.springframework.boot.context.embedded.AnnotationConfigEmbeddedWebApplicationContext@4466af20: startup date [Tue Oct 13 19:45:42 GMT+08:00 2020]; root of context hierarchy
2020-10-13 19:45:42.701 spring-boot-seed [background-preinit] INFO  o.h.validator.internal.util.Version - HV000001: Hibernate Validator 5.3.5.Final
2020-10-13 19:45:43.789 spring-boot-seed [main] INFO  o.s.b.c.e.t.TomcatEmbeddedServletContainer - Tomcat initialized with port(s): 8080 (http)
2020-10-13 19:45:43.799 spring-boot-seed [main] INFO  o.a.catalina.core.StandardService - Starting service [Tomcat]
2020-10-13 19:45:43.800 spring-boot-seed [main] INFO  o.a.catalina.core.StandardEngine - Starting Servlet Engine: Apache Tomcat/8.5.16
2020-10-13 19:45:43.895 spring-boot-seed [localhost-startStop-1] INFO  o.a.c.c.C.[Tomcat].[localhost].[/] - Initializing Spring embedded WebApplicationContext
2020-10-13 19:45:43.895 spring-boot-seed [localhost-startStop-1] INFO  o.s.web.context.ContextLoader - Root WebApplicationContext: initialization completed in 1351 ms
2020-10-13 19:45:44.086 spring-boot-seed [localhost-startStop-1] INFO  o.s.b.w.s.ServletRegistrationBean - Mapping servlet: 'dispatcherServlet' to [/]
2020-10-13 19:45:44.090 spring-boot-seed [localhost-startStop-1] INFO  o.s.b.w.s.FilterRegistrationBean - Mapping filter: 'characterEncodingFilter' to: [/*]
2020-10-13 19:45:44.090 spring-boot-seed [localhost-startStop-1] INFO  o.s.b.w.s.FilterRegistrationBean - Mapping filter: 'hiddenHttpMethodFilter' to: [/*]
2020-10-13 19:45:44.090 spring-boot-seed [localhost-startStop-1] INFO  o.s.b.w.s.FilterRegistrationBean - Mapping filter: 'httpPutFormContentFilter' to: [/*]
2020-10-13 19:45:44.090 spring-boot-seed [localhost-startStop-1] INFO  o.s.b.w.s.FilterRegistrationBean - Mapping filter: 'requestContextFilter' to: [/*]
2020-10-13 19:45:44.090 spring-boot-seed [localhost-startStop-1] INFO  o.s.b.w.s.FilterRegistrationBean - Mapping filter: 'corsFilter' to: [/*]
2020-10-13 19:45:44.213 spring-boot-seed [main] INFO  o.s.w.s.m.m.a.RequestMappingHandlerMapping - Mapped "{[/organization/],methods=[POST]}" onto public com.yimeng.seed.organ.model.Organization com.yimeng.seed.organ.controller.OrganizationController.add(com.yimeng.seed.organ.model.Organization)
2020-10-13 19:45:44.214 spring-boot-seed [main] INFO  o.s.w.s.m.m.a.RequestMappingHandlerMapping - Mapped "{[/organization/ || /organization/list],methods=[GET]}" onto public com.yimeng.seed.organ.model.ResponseListWraper<com.yimeng.seed.organ.model.Organization> com.yimeng.seed.organ.controller.OrganizationController.list(int,int)
2020-10-13 19:45:44.214 spring-boot-seed [main] INFO  o.s.w.s.m.m.a.RequestMappingHandlerMapping - Mapped "{[/organization/{orgid}],methods=[GET]}" onto public com.yimeng.seed.organ.model.Organization com.yimeng.seed.organ.controller.OrganizationController.getById(long)
2020-10-13 19:45:44.214 spring-boot-seed [main] INFO  o.s.w.s.m.m.a.RequestMappingHandlerMapping - Mapped "{[/organization/{orgid}],methods=[DELETE]}" onto public com.yimeng.seed.organ.model.Organization com.yimeng.seed.organ.controller.OrganizationController.deleteById(java.lang.Long)
2020-10-13 19:45:44.214 spring-boot-seed [main] INFO  o.s.w.s.m.m.a.RequestMappingHandlerMapping - Mapped "{[/organization/{orgid}],methods=[PUT || POST]}" onto public com.yimeng.seed.organ.model.Organization com.yimeng.seed.organ.controller.OrganizationController.updateById(long,com.yimeng.seed.organ.model.Organization)
2020-10-13 19:45:44.215 spring-boot-seed [main] INFO  o.s.w.s.m.m.a.RequestMappingHandlerMapping - Mapped "{[/organization/abc],methods=[GET]}" onto public java.lang.String com.yimeng.seed.organ.controller.OrganizationController.abc()
2020-10-13 19:45:44.217 spring-boot-seed [main] INFO  o.s.w.s.m.m.a.RequestMappingHandlerMapping - Mapped "{[/api-docs/{swaggerGroup}/{apiDeclaration}],methods=[GET]}" onto public org.springframework.http.ResponseEntity<com.mangofactory.swagger.models.dto.ApiListing> com.mangofactory.swagger.controllers.DefaultSwaggerController.getApiListing(java.lang.String,java.lang.String)
2020-10-13 19:45:44.217 spring-boot-seed [main] INFO  o.s.w.s.m.m.a.RequestMappingHandlerMapping - Mapped "{[/api-docs],methods=[GET]}" onto public org.springframework.http.ResponseEntity<com.mangofactory.swagger.models.dto.ResourceListing> com.mangofactory.swagger.controllers.DefaultSwaggerController.getResourceListing(java.lang.String)
2020-10-13 19:45:44.220 spring-boot-seed [main] INFO  o.s.w.s.m.m.a.RequestMappingHandlerMapping - Mapped "{[/error]}" onto public org.springframework.http.ResponseEntity<java.util.Map<java.lang.String, java.lang.Object>> org.springframework.boot.autoconfigure.web.BasicErrorController.error(javax.servlet.http.HttpServletRequest)
2020-10-13 19:45:44.220 spring-boot-seed [main] INFO  o.s.w.s.m.m.a.RequestMappingHandlerMapping - Mapped "{[/error],produces=[text/html]}" onto public org.springframework.web.servlet.ModelAndView org.springframework.boot.autoconfigure.web.BasicErrorController.errorHtml(javax.servlet.http.HttpServletRequest,javax.servlet.http.HttpServletResponse)
2020-10-13 19:45:44.664 spring-boot-seed [main] INFO  c.alibaba.druid.pool.DruidDataSource - {dataSource-1} inited
2020-10-13 19:45:44.985 spring-boot-seed [main] INFO  o.s.w.s.m.m.a.RequestMappingHandlerAdapter - Looking for @ControllerAdvice: org.springframework.boot.context.embedded.AnnotationConfigEmbeddedWebApplicationContext@4466af20: startup date [Tue Oct 13 19:45:42 GMT+08:00 2020]; root of context hierarchy
2020-10-13 19:45:45.123 spring-boot-seed [main] INFO  o.s.w.s.h.SimpleUrlHandlerMapping - Mapped URL path [/webjars/**] onto handler of type [class org.springframework.web.servlet.resource.ResourceHttpRequestHandler]
2020-10-13 19:45:45.123 spring-boot-seed [main] INFO  o.s.w.s.h.SimpleUrlHandlerMapping - Mapped URL path [/**] onto handler of type [class org.springframework.web.servlet.resource.ResourceHttpRequestHandler]
2020-10-13 19:45:45.134 spring-boot-seed [main] INFO  o.s.w.s.m.m.a.ExceptionHandlerExceptionResolver - Detected @ExceptionHandler methods in exceptionHandle
2020-10-13 19:45:45.150 spring-boot-seed [main] INFO  o.s.w.s.h.SimpleUrlHandlerMapping - Mapped URL path [/**/favicon.ico] onto handler of type [class org.springframework.web.servlet.resource.ResourceHttpRequestHandler]
2020-10-13 19:45:45.361 spring-boot-seed [main] INFO  o.s.j.e.a.AnnotationMBeanExporter - Registering beans for JMX exposure on startup
2020-10-13 19:45:45.362 spring-boot-seed [main] INFO  o.s.j.e.a.AnnotationMBeanExporter - Bean with name 'druidDataSource' has been autodetected for JMX exposure
2020-10-13 19:45:45.366 spring-boot-seed [main] INFO  o.s.j.e.a.AnnotationMBeanExporter - Located MBean 'druidDataSource': registering with JMX server as MBean [com.alibaba.druid.pool:name=druidDataSource,type=DruidDataSource]
2020-10-13 19:45:45.370 spring-boot-seed [main] INFO  c.m.s.plugin.SwaggerPluginAdapter - Context refreshed
2020-10-13 19:45:45.371 spring-boot-seed [main] INFO  c.m.s.plugin.SwaggerPluginAdapter - Found custom SwaggerSpringMvcPlugins
2020-10-13 19:45:45.371 spring-boot-seed [main] INFO  c.m.s.plugin.SwaggerPluginAdapter - initializing plugin bean customImplementation
2020-10-13 19:45:45.374 spring-boot-seed [main] INFO  c.m.s.s.ApiListingReferenceScanner - Scanning for api listing references
2020-10-13 19:45:45.376 spring-boot-seed [main] INFO  c.m.s.c.ClassOrApiAnnotationResourceGrouping - Group for method add was organization-controller
2020-10-13 19:45:45.377 spring-boot-seed [main] INFO  c.m.s.s.ApiListingReferenceScanner - Request mapping: add belongs to groups: [[ResourceGroup{groupName='organization-controller', position=0}]] 
2020-10-13 19:45:45.377 spring-boot-seed [main] INFO  c.m.s.s.ApiListingReferenceScanner - Adding resource to group:ResourceGroup{groupName='organization-controller', position=0} with description:Organization Controller for handler method:add
2020-10-13 19:45:45.378 spring-boot-seed [main] INFO  c.m.s.c.ClassOrApiAnnotationResourceGrouping - Group for method list was organization-controller
2020-10-13 19:45:45.378 spring-boot-seed [main] INFO  c.m.s.s.ApiListingReferenceScanner - Request mapping: list belongs to groups: [[ResourceGroup{groupName='organization-controller', position=0}]] 
2020-10-13 19:45:45.378 spring-boot-seed [main] INFO  c.m.s.s.ApiListingReferenceScanner - Adding resource to group:ResourceGroup{groupName='organization-controller', position=0} with description:Organization Controller for handler method:list
2020-10-13 19:45:45.378 spring-boot-seed [main] INFO  c.m.s.c.ClassOrApiAnnotationResourceGrouping - Group for method getById was organization-controller
2020-10-13 19:45:45.378 spring-boot-seed [main] INFO  c.m.s.s.ApiListingReferenceScanner - Request mapping: getById belongs to groups: [[ResourceGroup{groupName='organization-controller', position=0}]] 
2020-10-13 19:45:45.378 spring-boot-seed [main] INFO  c.m.s.s.ApiListingReferenceScanner - Adding resource to group:ResourceGroup{groupName='organization-controller', position=0} with description:Organization Controller for handler method:getById
2020-10-13 19:45:45.378 spring-boot-seed [main] INFO  c.m.s.c.ClassOrApiAnnotationResourceGrouping - Group for method deleteById was organization-controller
2020-10-13 19:45:45.379 spring-boot-seed [main] INFO  c.m.s.s.ApiListingReferenceScanner - Request mapping: deleteById belongs to groups: [[ResourceGroup{groupName='organization-controller', position=0}]] 
2020-10-13 19:45:45.379 spring-boot-seed [main] INFO  c.m.s.s.ApiListingReferenceScanner - Adding resource to group:ResourceGroup{groupName='organization-controller', position=0} with description:Organization Controller for handler method:deleteById
2020-10-13 19:45:45.379 spring-boot-seed [main] INFO  c.m.s.c.ClassOrApiAnnotationResourceGrouping - Group for method updateById was organization-controller
2020-10-13 19:45:45.379 spring-boot-seed [main] INFO  c.m.s.s.ApiListingReferenceScanner - Request mapping: updateById belongs to groups: [[ResourceGroup{groupName='organization-controller', position=0}]] 
2020-10-13 19:45:45.379 spring-boot-seed [main] INFO  c.m.s.s.ApiListingReferenceScanner - Adding resource to group:ResourceGroup{groupName='organization-controller', position=0} with description:Organization Controller for handler method:updateById
2020-10-13 19:45:45.379 spring-boot-seed [main] INFO  c.m.s.c.ClassOrApiAnnotationResourceGrouping - Group for method abc was organization-controller
2020-10-13 19:45:45.379 spring-boot-seed [main] INFO  c.m.s.s.ApiListingReferenceScanner - Request mapping: abc belongs to groups: [[ResourceGroup{groupName='organization-controller', position=0}]] 
2020-10-13 19:45:45.379 spring-boot-seed [main] INFO  c.m.s.s.ApiListingReferenceScanner - Adding resource to group:ResourceGroup{groupName='organization-controller', position=0} with description:Organization Controller for handler method:abc
2020-10-13 19:45:45.379 spring-boot-seed [main] INFO  c.m.s.core.RequestMappingEvaluator - Excluding method as it contains the excluded annotation: interface com.mangofactory.swagger.annotations.ApiIgnore
2020-10-13 19:45:45.379 spring-boot-seed [main] INFO  c.m.s.core.RequestMappingEvaluator - Excluding method as it contains the excluded annotation: interface com.mangofactory.swagger.annotations.ApiIgnore
2020-10-13 19:45:45.380 spring-boot-seed [main] INFO  c.m.s.core.RequestMappingEvaluator - RequestMappingInfo did not match any include patterns: | {[/error]}
2020-10-13 19:45:45.380 spring-boot-seed [main] INFO  c.m.s.core.RequestMappingEvaluator - RequestMappingInfo did not match any include patterns: | {[/error],produces=[text/html]}
2020-10-13 19:45:45.385 spring-boot-seed [main] INFO  c.m.s.s.ApiListingReferenceScanner - Created resource listing Path: /default/organization-controller Description: organization-controller Position: 0
2020-10-13 19:45:45.500 spring-boot-seed [main] INFO  c.m.s.core.SwaggerApiResourceListing - Added a resource listing with (1) api resources: 
2020-10-13 19:45:45.500 spring-boot-seed [main] INFO  c.m.s.core.SwaggerApiResourceListing -   Organization Controller at location: /api-docs/default/organization-controller
2020-10-13 19:45:45.503 spring-boot-seed [main] INFO  o.a.coyote.http11.Http11NioProtocol - Initializing ProtocolHandler ["http-nio-8080"]
2020-10-13 19:45:45.511 spring-boot-seed [main] INFO  o.a.coyote.http11.Http11NioProtocol - Starting ProtocolHandler ["http-nio-8080"]
2020-10-13 19:45:45.521 spring-boot-seed [main] INFO  o.a.tomcat.util.net.NioSelectorPool - Using a shared selector for servlet write/read
2020-10-13 19:45:45.534 spring-boot-seed [main] INFO  o.s.b.c.e.t.TomcatEmbeddedServletContainer - Tomcat started on port(s): 8080 (http)
2020-10-13 19:45:45.537 spring-boot-seed [main] INFO  com.yimeng.seed.organ.Application - Started Application in 3.545 seconds (JVM running for 4.565)
2020-10-13 19:45:45.537 spring-boot-seed [main] INFO  com.yimeng.seed.organ.Application - Started Application in 3.545 seconds (JVM running for 4.565)
